<?xml version="1.0" encoding="UTF-8"?>
<testsuite xmlns:xsi="http://www.w3.org/2001/XMLSchema-instance" xsi:noNamespaceSchemaLocation="https://maven.apache.org/surefire/maven-surefire-plugin/xsd/surefire-test-report.xsd" name="com.classuml.UMLDiagramTest" time="0.069" tests="18" errors="0" skipped="0" failures="0">
  <properties>
    <property name="java.specification.version" value="21"/>
    <property name="sun.jnu.encoding" value="UTF-8"/>
    <property name="java.class.path" value="/home/students/vsbougia/JavaB420Lab/2024sp-420-JavaB/java2/target/test-classes:/home/students/vsbougia/JavaB420Lab/2024sp-420-JavaB/java2/target/classes:/home/students/vsbougia/.m2/repository/jline/jline/2.6/jline-2.6.jar:/home/students/vsbougia/.m2/repository/org/springframework/boot/spring-boot/2.7.18/spring-boot-2.7.18.jar:/home/students/vsbougia/.m2/repository/org/springframework/spring-core/5.3.31/spring-core-5.3.31.jar:/home/students/vsbougia/.m2/repository/org/springframework/spring-jcl/5.3.31/spring-jcl-5.3.31.jar:/home/students/vsbougia/.m2/repository/org/springframework/spring-context/5.3.31/spring-context-5.3.31.jar:/home/students/vsbougia/.m2/repository/org/springframework/spring-aop/5.3.31/spring-aop-5.3.31.jar:/home/students/vsbougia/.m2/repository/org/springframework/spring-beans/5.3.31/spring-beans-5.3.31.jar:/home/students/vsbougia/.m2/repository/org/springframework/spring-expression/5.3.31/spring-expression-5.3.31.jar:/home/students/vsbougia/.m2/repository/com/googlecode/json-simple/json-simple/1.1.1/json-simple-1.1.1.jar:/home/students/vsbougia/.m2/repository/org/junit/jupiter/junit-jupiter/5.10.2/junit-jupiter-5.10.2.jar:/home/students/vsbougia/.m2/repository/org/junit/jupiter/junit-jupiter-api/5.10.2/junit-jupiter-api-5.10.2.jar:/home/students/vsbougia/.m2/repository/org/opentest4j/opentest4j/1.3.0/opentest4j-1.3.0.jar:/home/students/vsbougia/.m2/repository/org/junit/platform/junit-platform-commons/1.10.2/junit-platform-commons-1.10.2.jar:/home/students/vsbougia/.m2/repository/org/apiguardian/apiguardian-api/1.1.2/apiguardian-api-1.1.2.jar:/home/students/vsbougia/.m2/repository/org/junit/jupiter/junit-jupiter-params/5.10.2/junit-jupiter-params-5.10.2.jar:/home/students/vsbougia/.m2/repository/org/junit/jupiter/junit-jupiter-engine/5.10.2/junit-jupiter-engine-5.10.2.jar:/home/students/vsbougia/.m2/repository/org/junit/platform/junit-platform-engine/1.10.2/junit-platform-engine-1.10.2.jar:/home/students/vsbougia/.m2/repository/org/openjfx/javafx-controls/13/javafx-controls-13.jar:/home/students/vsbougia/.m2/repository/org/openjfx/javafx-controls/13/javafx-controls-13-linux.jar:/home/students/vsbougia/.m2/repository/org/openjfx/javafx-graphics/13/javafx-graphics-13.jar:/home/students/vsbougia/.m2/repository/org/openjfx/javafx-graphics/13/javafx-graphics-13-linux.jar:/home/students/vsbougia/.m2/repository/org/openjfx/javafx-base/13/javafx-base-13.jar:/home/students/vsbougia/.m2/repository/org/openjfx/javafx-base/13/javafx-base-13-linux.jar:/home/students/vsbougia/.m2/repository/javax/json/javax.json-api/1.1.4/javax.json-api-1.1.4.jar:/home/students/vsbougia/.m2/repository/org/glassfish/javax.json/1.0.4/javax.json-1.0.4.jar:/home/students/vsbougia/.m2/repository/com/google/code/gson/gson/2.10.1/gson-2.10.1.jar:/home/students/vsbougia/.m2/repository/junit/junit/4.13.2/junit-4.13.2.jar:/home/students/vsbougia/.m2/repository/org/hamcrest/hamcrest-core/1.3/hamcrest-core-1.3.jar:/home/students/vsbougia/.m2/repository/com/google/guava/guava/33.0.0-jre/guava-33.0.0-jre.jar:/home/students/vsbougia/.m2/repository/com/google/guava/failureaccess/1.0.2/failureaccess-1.0.2.jar:/home/students/vsbougia/.m2/repository/com/google/guava/listenablefuture/9999.0-empty-to-avoid-conflict-with-guava/listenablefuture-9999.0-empty-to-avoid-conflict-with-guava.jar:/home/students/vsbougia/.m2/repository/com/google/code/findbugs/jsr305/3.0.2/jsr305-3.0.2.jar:/home/students/vsbougia/.m2/repository/org/checkerframework/checker-qual/3.41.0/checker-qual-3.41.0.jar:/home/students/vsbougia/.m2/repository/com/google/errorprone/error_prone_annotations/2.23.0/error_prone_annotations-2.23.0.jar:/home/students/vsbougia/.m2/repository/com/google/j2objc/j2objc-annotations/2.8/j2objc-annotations-2.8.jar:/home/students/vsbougia/.m2/repository/com/networknt/json-schema-validator/1.3.3/json-schema-validator-1.3.3.jar:/home/students/vsbougia/.m2/repository/com/ethlo/time/itu/1.8.0/itu-1.8.0.jar:/home/students/vsbougia/.m2/repository/com/fasterxml/jackson/core/jackson-databind/2.15.3/jackson-databind-2.15.3.jar:/home/students/vsbougia/.m2/repository/com/fasterxml/jackson/core/jackson-annotations/2.15.3/jackson-annotations-2.15.3.jar:/home/students/vsbougia/.m2/repository/com/fasterxml/jackson/core/jackson-core/2.15.3/jackson-core-2.15.3.jar:/home/students/vsbougia/.m2/repository/com/fasterxml/jackson/dataformat/jackson-dataformat-yaml/2.15.3/jackson-dataformat-yaml-2.15.3.jar:/home/students/vsbougia/.m2/repository/org/yaml/snakeyaml/2.1/snakeyaml-2.1.jar:/home/students/vsbougia/.m2/repository/org/slf4j/slf4j-api/2.0.9/slf4j-api-2.0.9.jar:/home/students/vsbougia/.m2/repository/org/slf4j/slf4j-simple/2.0.10/slf4j-simple-2.0.10.jar:/home/students/vsbougia/.m2/repository/org/openjfx/javafx-fxml/13/javafx-fxml-13.jar:/home/students/vsbougia/.m2/repository/org/openjfx/javafx-fxml/13/javafx-fxml-13-linux.jar:"/>
    <property name="java.vm.vendor" value="Oracle Corporation"/>
    <property name="sun.arch.data.model" value="64"/>
    <property name="java.vendor.url" value="https://openjdk.org/"/>
    <property name="os.name" value="Linux"/>
    <property name="java.vm.specification.version" value="21"/>
    <property name="sun.java.launcher" value="SUN_STANDARD"/>
    <property name="user.country" value="US"/>
    <property name="sun.boot.library.path" value="/usr/lib/jvm/java-21-openjdk/lib"/>
    <property name="sun.java.command" value="/home/students/vsbougia/JavaB420Lab/2024sp-420-JavaB/java2/target/surefire/surefirebooter2837909715207357999.jar /home/students/vsbougia/JavaB420Lab/2024sp-420-JavaB/java2/target/surefire 2024-03-26T11-32-49_241-jvmRun1 surefire14139338636574825650tmp surefire_02724263592750348311tmp"/>
    <property name="jdk.debug" value="release"/>
    <property name="surefire.test.class.path" value="/home/students/vsbougia/JavaB420Lab/2024sp-420-JavaB/java2/target/test-classes:/home/students/vsbougia/JavaB420Lab/2024sp-420-JavaB/java2/target/classes:/home/students/vsbougia/.m2/repository/jline/jline/2.6/jline-2.6.jar:/home/students/vsbougia/.m2/repository/org/springframework/boot/spring-boot/2.7.18/spring-boot-2.7.18.jar:/home/students/vsbougia/.m2/repository/org/springframework/spring-core/5.3.31/spring-core-5.3.31.jar:/home/students/vsbougia/.m2/repository/org/springframework/spring-jcl/5.3.31/spring-jcl-5.3.31.jar:/home/students/vsbougia/.m2/repository/org/springframework/spring-context/5.3.31/spring-context-5.3.31.jar:/home/students/vsbougia/.m2/repository/org/springframework/spring-aop/5.3.31/spring-aop-5.3.31.jar:/home/students/vsbougia/.m2/repository/org/springframework/spring-beans/5.3.31/spring-beans-5.3.31.jar:/home/students/vsbougia/.m2/repository/org/springframework/spring-expression/5.3.31/spring-expression-5.3.31.jar:/home/students/vsbougia/.m2/repository/com/googlecode/json-simple/json-simple/1.1.1/json-simple-1.1.1.jar:/home/students/vsbougia/.m2/repository/org/junit/jupiter/junit-jupiter/5.10.2/junit-jupiter-5.10.2.jar:/home/students/vsbougia/.m2/repository/org/junit/jupiter/junit-jupiter-api/5.10.2/junit-jupiter-api-5.10.2.jar:/home/students/vsbougia/.m2/repository/org/opentest4j/opentest4j/1.3.0/opentest4j-1.3.0.jar:/home/students/vsbougia/.m2/repository/org/junit/platform/junit-platform-commons/1.10.2/junit-platform-commons-1.10.2.jar:/home/students/vsbougia/.m2/repository/org/apiguardian/apiguardian-api/1.1.2/apiguardian-api-1.1.2.jar:/home/students/vsbougia/.m2/repository/org/junit/jupiter/junit-jupiter-params/5.10.2/junit-jupiter-params-5.10.2.jar:/home/students/vsbougia/.m2/repository/org/junit/jupiter/junit-jupiter-engine/5.10.2/junit-jupiter-engine-5.10.2.jar:/home/students/vsbougia/.m2/repository/org/junit/platform/junit-platform-engine/1.10.2/junit-platform-engine-1.10.2.jar:/home/students/vsbougia/.m2/repository/org/openjfx/javafx-controls/13/javafx-controls-13.jar:/home/students/vsbougia/.m2/repository/org/openjfx/javafx-controls/13/javafx-controls-13-linux.jar:/home/students/vsbougia/.m2/repository/org/openjfx/javafx-graphics/13/javafx-graphics-13.jar:/home/students/vsbougia/.m2/repository/org/openjfx/javafx-graphics/13/javafx-graphics-13-linux.jar:/home/students/vsbougia/.m2/repository/org/openjfx/javafx-base/13/javafx-base-13.jar:/home/students/vsbougia/.m2/repository/org/openjfx/javafx-base/13/javafx-base-13-linux.jar:/home/students/vsbougia/.m2/repository/javax/json/javax.json-api/1.1.4/javax.json-api-1.1.4.jar:/home/students/vsbougia/.m2/repository/org/glassfish/javax.json/1.0.4/javax.json-1.0.4.jar:/home/students/vsbougia/.m2/repository/com/google/code/gson/gson/2.10.1/gson-2.10.1.jar:/home/students/vsbougia/.m2/repository/junit/junit/4.13.2/junit-4.13.2.jar:/home/students/vsbougia/.m2/repository/org/hamcrest/hamcrest-core/1.3/hamcrest-core-1.3.jar:/home/students/vsbougia/.m2/repository/com/google/guava/guava/33.0.0-jre/guava-33.0.0-jre.jar:/home/students/vsbougia/.m2/repository/com/google/guava/failureaccess/1.0.2/failureaccess-1.0.2.jar:/home/students/vsbougia/.m2/repository/com/google/guava/listenablefuture/9999.0-empty-to-avoid-conflict-with-guava/listenablefuture-9999.0-empty-to-avoid-conflict-with-guava.jar:/home/students/vsbougia/.m2/repository/com/google/code/findbugs/jsr305/3.0.2/jsr305-3.0.2.jar:/home/students/vsbougia/.m2/repository/org/checkerframework/checker-qual/3.41.0/checker-qual-3.41.0.jar:/home/students/vsbougia/.m2/repository/com/google/errorprone/error_prone_annotations/2.23.0/error_prone_annotations-2.23.0.jar:/home/students/vsbougia/.m2/repository/com/google/j2objc/j2objc-annotations/2.8/j2objc-annotations-2.8.jar:/home/students/vsbougia/.m2/repository/com/networknt/json-schema-validator/1.3.3/json-schema-validator-1.3.3.jar:/home/students/vsbougia/.m2/repository/com/ethlo/time/itu/1.8.0/itu-1.8.0.jar:/home/students/vsbougia/.m2/repository/com/fasterxml/jackson/core/jackson-databind/2.15.3/jackson-databind-2.15.3.jar:/home/students/vsbougia/.m2/repository/com/fasterxml/jackson/core/jackson-annotations/2.15.3/jackson-annotations-2.15.3.jar:/home/students/vsbougia/.m2/repository/com/fasterxml/jackson/core/jackson-core/2.15.3/jackson-core-2.15.3.jar:/home/students/vsbougia/.m2/repository/com/fasterxml/jackson/dataformat/jackson-dataformat-yaml/2.15.3/jackson-dataformat-yaml-2.15.3.jar:/home/students/vsbougia/.m2/repository/org/yaml/snakeyaml/2.1/snakeyaml-2.1.jar:/home/students/vsbougia/.m2/repository/org/slf4j/slf4j-api/2.0.9/slf4j-api-2.0.9.jar:/home/students/vsbougia/.m2/repository/org/slf4j/slf4j-simple/2.0.10/slf4j-simple-2.0.10.jar:/home/students/vsbougia/.m2/repository/org/openjfx/javafx-fxml/13/javafx-fxml-13.jar:/home/students/vsbougia/.m2/repository/org/openjfx/javafx-fxml/13/javafx-fxml-13-linux.jar:"/>
    <property name="sun.cpu.endian" value="little"/>
    <property name="user.home" value="/home/students/vsbougia"/>
    <property name="user.language" value="en"/>
    <property name="java.specification.vendor" value="Oracle Corporation"/>
    <property name="java.version.date" value="2023-09-19"/>
    <property name="java.home" value="/usr/lib/jvm/java-21-openjdk"/>
    <property name="file.separator" value="/"/>
    <property name="basedir" value="/home/students/vsbougia/JavaB420Lab/2024sp-420-JavaB/java2"/>
    <property name="java.vm.compressedOopsMode" value="Zero based"/>
    <property name="line.separator" value="&#10;"/>
    <property name="java.specification.name" value="Java Platform API Specification"/>
    <property name="java.vm.specification.vendor" value="Oracle Corporation"/>
    <property name="surefire.real.class.path" value="/home/students/vsbougia/JavaB420Lab/2024sp-420-JavaB/java2/target/surefire/surefirebooter2837909715207357999.jar"/>
    <property name="sun.management.compiler" value="HotSpot 64-Bit Tiered Compilers"/>
    <property name="java.runtime.version" value="21+35"/>
    <property name="user.name" value="vsbougia"/>
    <property name="stdout.encoding" value="UTF-8"/>
    <property name="path.separator" value=":"/>
    <property name="os.version" value="6.6.10-arch1-1"/>
    <property name="java.runtime.name" value="OpenJDK Runtime Environment"/>
    <property name="file.encoding" value="UTF-8"/>
    <property name="java.vm.name" value="OpenJDK 64-Bit Server VM"/>
    <property name="localRepository" value="/home/students/vsbougia/.m2/repository"/>
    <property name="java.vendor.url.bug" value="https://bugreport.java.com/bugreport/"/>
    <property name="java.io.tmpdir" value="/tmp"/>
    <property name="java.version" value="21"/>
    <property name="user.dir" value="/home/students/vsbougia/JavaB420Lab/2024sp-420-JavaB/java2"/>
    <property name="os.arch" value="amd64"/>
    <property name="java.vm.specification.name" value="Java Virtual Machine Specification"/>
    <property name="native.encoding" value="UTF-8"/>
    <property name="java.library.path" value="/usr/java/packages/lib:/usr/lib64:/lib64:/lib:/usr/lib"/>
    <property name="java.vm.info" value="mixed mode, sharing"/>
    <property name="stderr.encoding" value="UTF-8"/>
    <property name="java.vendor" value="N/A"/>
    <property name="java.vm.version" value="21+35"/>
    <property name="sun.io.unicode.encoding" value="UnicodeLittle"/>
    <property name="java.class.version" value="65.0"/>
  </properties>
  <testcase name="testHasClassEmpty" classname="com.classuml.UMLDiagramTest" time="0.012"/>
  <testcase name="testDeleteClass" classname="com.classuml.UMLDiagramTest" time="0.001"/>
  <testcase name="testSaveLoadJSON" classname="com.classuml.UMLDiagramTest" time="0.037"/>
  <testcase name="testAddEmptyRelationship" classname="com.classuml.UMLDiagramTest" time="0.001"/>
  <testcase name="testClear" classname="com.classuml.UMLDiagramTest" time="0"/>
  <testcase name="testRenameAttribute" classname="com.classuml.UMLDiagramTest" time="0"/>
  <testcase name="testRenameClass" classname="com.classuml.UMLDiagramTest" time="0.001"/>
  <testcase name="testAddClass" classname="com.classuml.UMLDiagramTest" time="0"/>
  <testcase name="testDeleteMethod" classname="com.classuml.UMLDiagramTest" time="0.001"/>
  <testcase name="testDeleteRelationshipEmptyParam" classname="com.classuml.UMLDiagramTest" time="0"/>
  <testcase name="testAddMethod" classname="com.classuml.UMLDiagramTest" time="0"/>
  <testcase name="testRenameMethod" classname="com.classuml.UMLDiagramTest" time="0.001"/>
  <testcase name="testHasClass" classname="com.classuml.UMLDiagramTest" time="0.001"/>
  <testcase name="testAddAttribute" classname="com.classuml.UMLDiagramTest" time="0"/>
  <testcase name="testDeleteRelationship" classname="com.classuml.UMLDiagramTest" time="0.001"/>
  <testcase name="testAddRelationship" classname="com.classuml.UMLDiagramTest" time="0"/>
  <testcase name="testAddRelationshipBadType1" classname="com.classuml.UMLDiagramTest" time="0"/>
  <testcase name="testAddRelationshipBadType2" classname="com.classuml.UMLDiagramTest" time="0"/>
</testsuite>